Vivado Simulator 2019.2
Copyright 1986-1999, 2001-2019 Xilinx, Inc. All Rights Reserved.
Running: C:/Xilinx/Vivado/2019.2/bin/unwrapped/win64.o/xelab.exe -wto 0ac5ad6b651d4f779f3526f39da0b32f --incr --debug typical --relax --mt 2 -L xil_defaultlib -L unisims_ver -L unimacro_ver -L secureip --snapshot tb_aes_box_behav xil_defaultlib.tb_aes_box xil_defaultlib.glbl -log elaborate.log 
Using 2 slave threads.
Starting static elaboration
Pass Through NonSizing Optimizer
Completed static elaboration
Starting simulation data flow analysis
WARNING: [XSIM 43-4099] "C:/Users/ygh/Desktop/0830/1/aes_sbox.v" Line 1. Module aes_box_default doesn't have a timescale but at least one module in design has a timescale.
WARNING: [XSIM 43-4099] "C:/Users/ygh/Desktop/0830/1/lin_map.v" Line 1. Module lin_map(MATRIX_SEL=1) doesn't have a timescale but at least one module in design has a timescale.
WARNING: [XSIM 43-4099] "C:/Users/ygh/Desktop/0830/1/square_scaler.v" Line 1. Module square_scaler doesn't have a timescale but at least one module in design has a timescale.
WARNING: [XSIM 43-4099] "C:/Users/ygh/Desktop/0830/1/lin_map.v" Line 1. Module lin_map_default doesn't have a timescale but at least one module in design has a timescale.
WARNING: [XSIM 43-4099] "C:/Users/ygh/Desktop/0830/1/lin_map.v" Line 1. Module lin_map(MATRIX_SEL=1) doesn't have a timescale but at least one module in design has a timescale.
WARNING: [XSIM 43-4099] "C:/Users/ygh/Desktop/0830/1/square_scaler.v" Line 1. Module square_scaler doesn't have a timescale but at least one module in design has a timescale.
WARNING: [XSIM 43-4099] "C:/Users/ygh/Desktop/0830/1/lin_map.v" Line 1. Module lin_map_default doesn't have a timescale but at least one module in design has a timescale.
WARNING: [XSIM 43-4099] "C:/Users/ygh/Desktop/0830/1/real_dom_shared_mul_gf4.v" Line 1. Module real_dom_shared_mul_gf4_default doesn't have a timescale but at least one module in design has a timescale.
WARNING: [XSIM 43-4099] "C:/Users/ygh/Desktop/0830/1/gf2_mul.v" Line 1. Module gf2_mul(N=4) doesn't have a timescale but at least one module in design has a timescale.
WARNING: [XSIM 43-4099] "C:/Users/ygh/Desktop/0830/1/gf2_mul.v" Line 1. Module gf2_mul(N=4) doesn't have a timescale but at least one module in design has a timescale.
WARNING: [XSIM 43-4099] "C:/Users/ygh/Desktop/0830/1/gf2_mul.v" Line 1. Module gf2_mul(N=4) doesn't have a timescale but at least one module in design has a timescale.
WARNING: [XSIM 43-4099] "C:/Users/ygh/Desktop/0830/1/gf2_mul.v" Line 1. Module gf2_mul(N=4) doesn't have a timescale but at least one module in design has a timescale.
WARNING: [XSIM 43-4099] "C:/Users/ygh/Desktop/0830/1/gf2_mul.v" Line 1. Module gf2_mul(N=4) doesn't have a timescale but at least one module in design has a timescale.
WARNING: [XSIM 43-4099] "C:/Users/ygh/Desktop/0830/1/gf2_mul.v" Line 1. Module gf2_mul(N=4) doesn't have a timescale but at least one module in design has a timescale.
WARNING: [XSIM 43-4099] "C:/Users/ygh/Desktop/0830/1/inverter.v" Line 1. Module inverter_default doesn't have a timescale but at least one module in design has a timescale.
WARNING: [XSIM 43-4099] "C:/Users/ygh/Desktop/0830/1/real_dom_shared_mul_gf2.v" Line 1. Module real_dom_shared_mul_gf2_default doesn't have a timescale but at least one module in design has a timescale.
WARNING: [XSIM 43-4099] "C:/Users/ygh/Desktop/0830/1/gf2_mul.v" Line 1. Module gf2_mul(N=2) doesn't have a timescale but at least one module in design has a timescale.
WARNING: [XSIM 43-4099] "C:/Users/ygh/Desktop/0830/1/gf2_mul.v" Line 1. Module gf2_mul(N=2) doesn't have a timescale but at least one module in design has a timescale.
WARNING: [XSIM 43-4099] "C:/Users/ygh/Desktop/0830/1/gf2_mul.v" Line 1. Module gf2_mul(N=2) doesn't have a timescale but at least one module in design has a timescale.
WARNING: [XSIM 43-4099] "C:/Users/ygh/Desktop/0830/1/gf2_mul.v" Line 1. Module gf2_mul(N=2) doesn't have a timescale but at least one module in design has a timescale.
WARNING: [XSIM 43-4099] "C:/Users/ygh/Desktop/0830/1/gf2_mul.v" Line 1. Module gf2_mul(N=2) doesn't have a timescale but at least one module in design has a timescale.
WARNING: [XSIM 43-4099] "C:/Users/ygh/Desktop/0830/1/gf2_mul.v" Line 1. Module gf2_mul(N=2) doesn't have a timescale but at least one module in design has a timescale.
WARNING: [XSIM 43-4099] "C:/Users/ygh/Desktop/0830/1/real_dom_shared_mul_gf2.v" Line 1. Module real_dom_shared_mul_gf2_default doesn't have a timescale but at least one module in design has a timescale.
WARNING: [XSIM 43-4099] "C:/Users/ygh/Desktop/0830/1/gf2_mul.v" Line 1. Module gf2_mul(N=2) doesn't have a timescale but at least one module in design has a timescale.
WARNING: [XSIM 43-4099] "C:/Users/ygh/Desktop/0830/1/gf2_mul.v" Line 1. Module gf2_mul(N=2) doesn't have a timescale but at least one module in design has a timescale.
WARNING: [XSIM 43-4099] "C:/Users/ygh/Desktop/0830/1/gf2_mul.v" Line 1. Module gf2_mul(N=2) doesn't have a timescale but at least one module in design has a timescale.
WARNING: [XSIM 43-4099] "C:/Users/ygh/Desktop/0830/1/gf2_mul.v" Line 1. Module gf2_mul(N=2) doesn't have a timescale but at least one module in design has a timescale.
WARNING: [XSIM 43-4099] "C:/Users/ygh/Desktop/0830/1/gf2_mul.v" Line 1. Module gf2_mul(N=2) doesn't have a timescale but at least one module in design has a timescale.
WARNING: [XSIM 43-4099] "C:/Users/ygh/Desktop/0830/1/gf2_mul.v" Line 1. Module gf2_mul(N=2) doesn't have a timescale but at least one module in design has a timescale.
WARNING: [XSIM 43-4099] "C:/Users/ygh/Desktop/0830/1/real_dom_shared_mul_gf2.v" Line 1. Module real_dom_shared_mul_gf2_default doesn't have a timescale but at least one module in design has a timescale.
WARNING: [XSIM 43-4099] "C:/Users/ygh/Desktop/0830/1/gf2_mul.v" Line 1. Module gf2_mul(N=2) doesn't have a timescale but at least one module in design has a timescale.
WARNING: [XSIM 43-4099] "C:/Users/ygh/Desktop/0830/1/gf2_mul.v" Line 1. Module gf2_mul(N=2) doesn't have a timescale but at least one module in design has a timescale.
WARNING: [XSIM 43-4099] "C:/Users/ygh/Desktop/0830/1/gf2_mul.v" Line 1. Module gf2_mul(N=2) doesn't have a timescale but at least one module in design has a timescale.
WARNING: [XSIM 43-4099] "C:/Users/ygh/Desktop/0830/1/gf2_mul.v" Line 1. Module gf2_mul(N=2) doesn't have a timescale but at least one module in design has a timescale.
WARNING: [XSIM 43-4099] "C:/Users/ygh/Desktop/0830/1/gf2_mul.v" Line 1. Module gf2_mul(N=2) doesn't have a timescale but at least one module in design has a timescale.
WARNING: [XSIM 43-4099] "C:/Users/ygh/Desktop/0830/1/gf2_mul.v" Line 1. Module gf2_mul(N=2) doesn't have a timescale but at least one module in design has a timescale.
WARNING: [XSIM 43-4099] "C:/Users/ygh/Desktop/0830/1/shared_mul_gf4.v" Line 1. Module shared_mul_gf4(SHARES=2) doesn't have a timescale but at least one module in design has a timescale.
WARNING: [XSIM 43-4099] "C:/Users/ygh/Desktop/0830/1/gf2_mul.v" Line 1. Module gf2_mul(N=4) doesn't have a timescale but at least one module in design has a timescale.
WARNING: [XSIM 43-4099] "C:/Users/ygh/Desktop/0830/1/gf2_mul.v" Line 1. Module gf2_mul(N=4) doesn't have a timescale but at least one module in design has a timescale.
WARNING: [XSIM 43-4099] "C:/Users/ygh/Desktop/0830/1/gf2_mul.v" Line 1. Module gf2_mul(N=4) doesn't have a timescale but at least one module in design has a timescale.
WARNING: [XSIM 43-4099] "C:/Users/ygh/Desktop/0830/1/gf2_mul.v" Line 1. Module gf2_mul(N=4) doesn't have a timescale but at least one module in design has a timescale.
WARNING: [XSIM 43-4099] "C:/Users/ygh/Desktop/0830/1/shared_mul_gf4.v" Line 1. Module shared_mul_gf4(SHARES=2) doesn't have a timescale but at least one module in design has a timescale.
WARNING: [XSIM 43-4099] "C:/Users/ygh/Desktop/0830/1/gf2_mul.v" Line 1. Module gf2_mul(N=4) doesn't have a timescale but at least one module in design has a timescale.
WARNING: [XSIM 43-4099] "C:/Users/ygh/Desktop/0830/1/gf2_mul.v" Line 1. Module gf2_mul(N=4) doesn't have a timescale but at least one module in design has a timescale.
WARNING: [XSIM 43-4099] "C:/Users/ygh/Desktop/0830/1/gf2_mul.v" Line 1. Module gf2_mul(N=4) doesn't have a timescale but at least one module in design has a timescale.
WARNING: [XSIM 43-4099] "C:/Users/ygh/Desktop/0830/1/gf2_mul.v" Line 1. Module gf2_mul(N=4) doesn't have a timescale but at least one module in design has a timescale.
Completed simulation data flow analysis
Time Resolution for simulation is 1ps
Compiling module xil_defaultlib.lin_map(MATRIX_SEL=1)
Compiling module xil_defaultlib.square_scaler
Compiling module xil_defaultlib.lin_map_default
Compiling module xil_defaultlib.gf2_mul(N=4)
Compiling module xil_defaultlib.real_dom_shared_mul_gf4_default
Compiling module xil_defaultlib.gf2_mul(N=2)
Compiling module xil_defaultlib.real_dom_shared_mul_gf2_default
Compiling module xil_defaultlib.inverter_default
Compiling module xil_defaultlib.shared_mul_gf4(SHARES=2)
Compiling module xil_defaultlib.aes_box_default
Compiling module xil_defaultlib.tb_aes_box
Compiling module xil_defaultlib.glbl
Built simulation snapshot tb_aes_box_behav
